Build started 03/03/2017 02:10:15.
     1>Project "C:\Users\Jamie\Documents\Dissertation\Dissertation\Graphics Code 2015 (2)\Graphics Code 2015\OpenCLSetup\OpenCLSetup.vcxproj" on node 2 (Build target(s)).
     1>ClCompile:
         C:\Program Files (x86)\Microsoft Visual Studio 14.0\VC\bin\CL.exe /c /I"C:\Program Files (x86)\AMD APP SDK\3.0\include" /ZI /nologo /W3 /WX- /Od /Oy- /D WIN32 /D _DEBUG /D _LIB /D _UNICODE /D UNICODE /Gm /EHsc /RTC1 /MDd /GS /fp:precise /Zc:wchar_t /Zc:forScope /Zc:inline /Fo"Debug\\" /Fd"Debug\GPU.pdb" /Gd /TP /analyze- /errorReport:prompt GPUFluidProcessor.cpp OpenCLSetup.cpp
         OpenCLSetup.cpp
     1>c:\program files (x86)\amd app sdk\3.0\include\cl\cl.hpp(4245): warning C4996: 'clCreateSampler': was declared deprecated
         c:\program files (x86)\amd app sdk\3.0\include\cl\cl.h(1366): note: see declaration of 'clCreateSampler'
     1>c:\program files (x86)\amd app sdk\3.0\include\cl\cl.hpp(5085): warning C4996: 'clCreateCommandQueue': was declared deprecated
         c:\program files (x86)\amd app sdk\3.0\include\cl\cl.h(1359): note: see declaration of 'clCreateCommandQueue'
     1>c:\program files (x86)\amd app sdk\3.0\include\cl\cl.hpp(5102): warning C4996: 'clCreateCommandQueue': was declared deprecated
         c:\program files (x86)\amd app sdk\3.0\include\cl\cl.h(1359): note: see declaration of 'clCreateCommandQueue'
     1>c:\program files (x86)\amd app sdk\3.0\include\cl\cl.hpp(5883): warning C4996: 'clEnqueueTask': was declared deprecated
         c:\program files (x86)\amd app sdk\3.0\include\cl\cl.h(1373): note: see declaration of 'clEnqueueTask'
         GPUFluidProcessor.cpp
     1>c:\program files (x86)\amd app sdk\3.0\include\cl\cl.hpp(4245): warning C4996: 'clCreateSampler': was declared deprecated
         c:\program files (x86)\amd app sdk\3.0\include\cl\cl.h(1366): note: see declaration of 'clCreateSampler'
     1>c:\program files (x86)\amd app sdk\3.0\include\cl\cl.hpp(5085): warning C4996: 'clCreateCommandQueue': was declared deprecated
         c:\program files (x86)\amd app sdk\3.0\include\cl\cl.h(1359): note: see declaration of 'clCreateCommandQueue'
     1>c:\program files (x86)\amd app sdk\3.0\include\cl\cl.hpp(5102): warning C4996: 'clCreateCommandQueue': was declared deprecated
         c:\program files (x86)\amd app sdk\3.0\include\cl\cl.h(1359): note: see declaration of 'clCreateCommandQueue'
     1>c:\program files (x86)\amd app sdk\3.0\include\cl\cl.hpp(5883): warning C4996: 'clEnqueueTask': was declared deprecated
         c:\program files (x86)\amd app sdk\3.0\include\cl\cl.h(1373): note: see declaration of 'clEnqueueTask'
         Generating Code...
       Lib:
         C:\Program Files (x86)\Microsoft Visual Studio 14.0\VC\bin\Lib.exe /OUT:"C:\Users\Jamie\Documents\Dissertation\Dissertation\Graphics Code 2015 (2)\Graphics Code 2015\Graphics For Games\Debug\GPU.lib" OpenCL.lib /LIBPATH:"C:\Program Files (x86)\AMD APP SDK\3.0\lib\x86" /NOLOGO Debug\GPUFluidProcessor.obj
         Debug\OpenCLSetup.obj
         OpenCLSetup.vcxproj -> C:\Users\Jamie\Documents\Dissertation\Dissertation\Graphics Code 2015 (2)\Graphics Code 2015\Graphics For Games\Debug\GPU.lib
     1>Done Building Project "C:\Users\Jamie\Documents\Dissertation\Dissertation\Graphics Code 2015 (2)\Graphics Code 2015\OpenCLSetup\OpenCLSetup.vcxproj" (Build target(s)).

Build succeeded.

Time Elapsed 00:00:02.06
